[debug] [2020-12-18T12:59:26.322Z] ----------------------------------------------------------------------
[debug] [2020-12-18T12:59:26.324Z] Command:       E:\nodejs\node.exe C:\Users\Admin\AppData\Roaming\npm\node_modules\firebase-tools\lib\bin\firebase.js init
[debug] [2020-12-18T12:59:26.324Z] CLI Version:   9.0.1
[debug] [2020-12-18T12:59:26.324Z] Platform:      win32
[debug] [2020-12-18T12:59:26.324Z] Node Version:  v12.18.3
[debug] [2020-12-18T12:59:26.326Z] Time:          Fri Dec 18 2020 13:59:26 GMT+0100 (GMT+01:00)
[debug] [2020-12-18T12:59:26.326Z] ----------------------------------------------------------------------
[debug] [2020-12-18T12:59:26.326Z] 
[debug] [2020-12-18T12:59:26.329Z] >>> [apiv2][query] GET https://firebase-public.firebaseio.com/cli.json [none]
[debug] [2020-12-18T12:59:26.351Z] > command requires scopes: ["email","openid","https://www.googleapis.com/auth/cloudplatformprojects.readonly","https://www.googleapis.com/auth/firebase","https://www.googleapis.com/auth/cloud-platform"]
[debug] [2020-12-18T12:59:26.351Z] > authorizing via signed-in user
[info] 
     ######## #### ########  ######## ########     ###     ######  ########
     ##        ##  ##     ## ##       ##     ##  ##   ##  ##       ##
     ######    ##  ########  ######   ########  #########  ######  ######
     ##        ##  ##    ##  ##       ##     ## ##     ##       ## ##
     ##       #### ##     ## ######## ########  ##     ##  ######  ########

You're about to initialize a Firebase project in this directory:

  C:\Users\Admin\Desktop\ecommerce\amazon-clone

[debug] [2020-12-18T12:59:26.907Z] <<< [apiv2][status] GET https://firebase-public.firebaseio.com/cli.json 200
[debug] [2020-12-18T12:59:26.908Z] <<< [apiv2][body] GET https://firebase-public.firebaseio.com/cli.json {"cloudBuildErrorAfter":1594252800000,"cloudBuildWarnAfter":1590019200000,"defaultNode10After":1594252800000,"minVersion":"3.0.5","node8DeploysDisabledAfter":1613390400000,"node8RuntimeDisabledAfter":1615809600000,"node8WarnAfter":1600128000000}
